TN:
SF:src\polyfills.ts
FNF:0
FNH:0
DA:4,1
DA:5,1
DA:8,1
DA:9,0
LF:4
LH:3
BRDA:5,0,0,1
BRDA:5,0,1,1
BRDA:8,1,0,0
BRF:3
BRH:2
end_of_record
TN:
SF:src\app\app.component.ts
FN:260,(anonymous_0)
FN:255,(anonymous_1)
FN:269,(anonymous_2)
FN:273,(anonymous_3)
FN:273,(anonymous_4)
FN:279,(anonymous_5)
FN:285,(anonymous_6)
FN:293,(anonymous_7)
FN:301,(anonymous_8)
FN:308,(anonymous_9)
FN:331,(anonymous_10)
FN:343,(anonymous_11)
FN:424,(anonymous_12)
FN:433,(anonymous_13)
FN:438,(anonymous_14)
FN:442,(anonymous_15)
FN:448,(anonymous_16)
FN:452,(anonymous_17)
FN:456,(anonymous_18)
FN:458,(anonymous_19)
FN:461,(anonymous_20)
FN:465,(anonymous_21)
FN:473,(anonymous_22)
FN:474,(anonymous_23)
FN:475,(anonymous_24)
FN:480,(anonymous_25)
FN:481,(anonymous_26)
FN:482,(anonymous_27)
FNF:28
FNH:18
FNDA:20,(anonymous_0)
FNDA:0,(anonymous_1)
FNDA:20,(anonymous_2)
FNDA:0,(anonymous_3)
FNDA:0,(anonymous_4)
FNDA:24,(anonymous_5)
FNDA:44,(anonymous_6)
FNDA:21,(anonymous_7)
FNDA:1,(anonymous_8)
FNDA:20,(anonymous_9)
FNDA:0,(anonymous_10)
FNDA:4,(anonymous_11)
FNDA:1,(anonymous_12)
FNDA:2,(anonymous_13)
FNDA:1,(anonymous_14)
FNDA:0,(anonymous_15)
FNDA:2,(anonymous_16)
FNDA:3,(anonymous_17)
FNDA:0,(anonymous_18)
FNDA:0,(anonymous_19)
FNDA:1,(anonymous_20)
FNDA:1,(anonymous_21)
FNDA:0,(anonymous_22)
FNDA:0,(anonymous_23)
FNDA:0,(anonymous_24)
FNDA:1,(anonymous_25)
FNDA:1,(anonymous_26)
FNDA:1,(anonymous_27)
DA:234,1
DA:235,20
DA:236,20
DA:237,20
DA:238,20
DA:239,20
DA:240,20
DA:241,20
DA:242,20
DA:243,20
DA:244,20
DA:245,20
DA:246,20
DA:248,20
DA:249,20
DA:251,20
DA:253,20
DA:255,20
DA:256,0
DA:257,0
DA:261,20
DA:262,20
DA:263,20
DA:264,20
DA:265,20
DA:266,20
DA:270,20
DA:272,20
DA:273,0
DA:274,0
DA:278,20
DA:280,24
DA:284,20
DA:286,44
DA:290,20
DA:294,21
DA:295,21
DA:296,21
DA:297,21
DA:298,21
DA:302,1
DA:303,1
DA:309,20
DA:310,20
DA:312,20
DA:313,20
DA:314,20
DA:315,20
DA:316,20
DA:319,0
DA:321,0
DA:322,0
DA:323,0
DA:324,0
DA:326,0
DA:327,0
DA:329,0
DA:330,0
DA:331,0
DA:332,0
DA:337,0
DA:339,0
DA:344,4
DA:345,1
DA:346,1
DA:365,1
DA:366,3
DA:367,1
DA:368,1
DA:388,1
DA:393,2
DA:394,2
DA:416,2
DA:425,1
DA:426,1
DA:427,0
DA:428,0
DA:430,1
DA:434,2
DA:435,2
DA:439,1
DA:443,0
DA:444,0
DA:449,2
DA:453,3
DA:457,0
DA:458,0
DA:462,1
DA:466,1
DA:467,1
DA:468,1
DA:469,1
DA:470,1
DA:474,0
DA:475,0
DA:476,0
DA:481,1
DA:482,1
DA:483,1
DA:484,1
LF:100
LH:74
BRDA:295,0,0,0
BRDA:309,1,0,20
BRDA:309,1,1,0
BRDA:312,2,0,20
BRDA:312,2,1,0
BRDA:313,3,0,20
BRDA:321,4,0,0
BRDA:321,4,1,0
BRDA:322,5,0,0
BRDA:322,5,1,0
BRDA:323,6,0,0
BRDA:323,6,1,0
BRDA:324,7,0,0
BRDA:324,7,1,0
BRDA:327,8,0,0
BRDA:327,8,1,0
BRDA:330,9,0,0
BRDA:335,10,0,0
BRDA:335,10,1,0
BRDA:335,11,0,0
BRDA:335,11,1,0
BRDA:344,12,0,1
BRDA:344,12,1,3
BRDA:366,13,0,1
BRDA:366,13,1,2
BRDA:426,14,0,0
BRDA:443,15,0,0
BRDA:453,16,0,3
BRDA:453,16,1,1
BRDA:457,17,0,0
BRDA:457,17,1,0
BRDA:483,18,0,1
BRF:32
BRH:10
end_of_record
TN:
SF:src\app\core\api-error.interceptor.ts
FN:7,(anonymous_0)
FN:13,(anonymous_1)
FN:37,(anonymous_2)
FN:42,mapApiErrorMessage
FN:57,isAuthLoginRequest
FN:61,extractBackendMessage
FNF:6
FNH:6
FNDA:12,(anonymous_0)
FNDA:12,(anonymous_1)
FNDA:12,(anonymous_2)
FNDA:12,mapApiErrorMessage
FNDA:4,isAuthLoginRequest
FNDA:12,extractBackendMessage
DA:7,1
DA:8,12
DA:9,12
DA:10,12
DA:12,12
DA:14,12
DA:15,12
DA:16,12
DA:17,12
DA:18,1
DA:19,11
DA:20,1
DA:21,10
DA:22,8
DA:25,12
DA:26,11
DA:37,12
DA:43,12
DA:45,12
DA:46,11
DA:47,8
DA:48,7
DA:49,6
DA:50,5
DA:51,4
DA:52,3
DA:53,2
DA:54,1
DA:58,4
DA:62,12
DA:63,3
DA:64,1
DA:65,1
DA:67,2
LF:34
LH:34
BRDA:14,0,0,12
BRDA:16,1,0,12
BRDA:16,1,1,2
BRDA:17,2,0,1
BRDA:17,2,1,11
BRDA:19,3,0,1
BRDA:19,3,1,10
BRDA:21,4,0,8
BRDA:25,5,0,11
BRDA:45,6,0,1
BRDA:46,7,0,3
BRDA:46,8,0,3
BRDA:46,8,1,1
BRDA:47,9,0,1
BRDA:47,10,0,8
BRDA:47,10,1,2
BRDA:47,11,0,1
BRDA:47,11,1,0
BRDA:48,12,0,1
BRDA:48,13,0,1
BRDA:48,13,1,0
BRDA:49,14,0,1
BRDA:50,15,0,1
BRDA:51,16,0,1
BRDA:52,17,0,1
BRDA:53,18,0,1
BRDA:54,19,0,1
BRDA:54,19,1,1
BRDA:62,20,0,9
BRDA:63,21,0,1
BRDA:63,22,0,3
BRDA:63,22,1,3
BRDA:63,22,2,3
BRDA:65,23,0,1
BRDA:65,24,0,1
BRDA:65,24,1,1
BRF:36
BRH:34
end_of_record
TN:
SF:src\app\core\auth.guard.ts
FN:5,(anonymous_0)
FNF:1
FNH:1
FNDA:2,(anonymous_0)
DA:5,1
DA:6,2
DA:7,2
DA:9,2
DA:10,1
DA:11,1
DA:14,1
LF:7
LH:7
BRDA:9,0,0,1
BRF:1
BRH:1
end_of_record
TN:
SF:src\app\core\auth.interceptor.ts
FN:5,(anonymous_0)
FNF:1
FNH:1
FNDA:2,(anonymous_0)
DA:5,1
DA:6,2
DA:7,2
DA:9,2
DA:10,1
DA:13,1
LF:6
LH:6
BRDA:9,0,0,1
BRF:1
BRH:1
end_of_record
TN:
SF:src\app\core\auth.service.ts
FN:28,(anonymous_0)
FN:30,(anonymous_1)
FN:34,(anonymous_2)
FN:36,(anonymous_3)
FN:40,(anonymous_4)
FN:47,(anonymous_5)
FN:51,(anonymous_6)
FN:66,(anonymous_7)
FN:70,(anonymous_8)
FN:74,(anonymous_9)
FN:79,(anonymous_10)
FN:94,(anonymous_11)
FN:99,(anonymous_12)
FN:104,(anonymous_13)
FN:117,(anonymous_14)
FN:125,(anonymous_15)
FN:138,(anonymous_16)
FN:145,(anonymous_17)
FN:149,(anonymous_18)
FN:153,(anonymous_19)
FNF:20
FNH:19
FNDA:56,(anonymous_0)
FNDA:1,(anonymous_1)
FNDA:2,(anonymous_2)
FNDA:2,(anonymous_3)
FNDA:2,(anonymous_4)
FNDA:1,(anonymous_5)
FNDA:3,(anonymous_6)
FNDA:33,(anonymous_7)
FNDA:2,(anonymous_8)
FNDA:1,(anonymous_9)
FNDA:8,(anonymous_10)
FNDA:2,(anonymous_11)
FNDA:1,(anonymous_12)
FNDA:2,(anonymous_13)
FNDA:4,(anonymous_14)
FNDA:0,(anonymous_15)
FNDA:1,(anonymous_16)
FNDA:22,(anonymous_17)
FNDA:1,(anonymous_18)
FNDA:1,(anonymous_19)
DA:24,1
DA:25,56
DA:26,56
DA:28,56
DA:31,1
DA:35,2
DA:36,2
DA:41,2
DA:42,2
DA:43,1
DA:46,1
DA:47,1
DA:52,3
DA:53,1
DA:54,1
DA:55,1
DA:56,1
DA:57,1
DA:60,2
DA:61,2
DA:62,2
DA:63,2
DA:67,33
DA:71,2
DA:75,1
DA:80,8
DA:81,8
DA:83,5
DA:84,5
DA:86,4
DA:87,4
DA:88,4
DA:90,0
DA:95,2
DA:96,2
DA:100,1
DA:101,1
DA:105,2
DA:106,2
DA:107,2
DA:108,1
DA:110,1
DA:111,0
DA:112,0
DA:114,1
DA:119,4
DA:121,4
DA:122,4
DA:126,0
DA:127,0
DA:134,0
DA:135,0
DA:139,1
DA:140,1
DA:141,1
DA:142,1
DA:146,22
DA:150,1
DA:154,1
LF:59
LH:52
BRDA:42,0,0,1
BRDA:52,1,0,1
BRDA:67,2,0,33
BRDA:67,2,1,26
BRDA:71,3,0,2
BRDA:71,3,1,1
BRDA:81,4,0,3
BRDA:84,5,0,1
BRDA:96,6,0,2
BRDA:96,6,1,1
BRDA:101,7,0,1
BRDA:101,7,1,0
BRDA:107,8,0,1
BRDA:107,9,0,2
BRDA:107,9,1,1
BRDA:107,9,2,1
BRDA:110,10,0,0
BRDA:112,11,0,0
BRDA:112,12,0,0
BRDA:112,12,1,0
BRF:20
BRH:15
end_of_record
TN:
SF:src\app\core\idle.service.ts
FN:23,(anonymous_0)
FN:29,(anonymous_1)
FN:39,(anonymous_2)
FN:41,(anonymous_3)
FN:42,(anonymous_4)
FN:43,(anonymous_5)
FN:51,(anonymous_6)
FN:57,(anonymous_7)
FN:59,(anonymous_8)
FN:68,(anonymous_9)
FN:75,(anonymous_10)
FN:79,(anonymous_11)
FN:85,(anonymous_12)
FNF:13
FNH:6
FNDA:26,(anonymous_0)
FNDA:2,(anonymous_1)
FNDA:2,(anonymous_2)
FNDA:0,(anonymous_3)
FNDA:0,(anonymous_4)
FNDA:0,(anonymous_5)
FNDA:0,(anonymous_6)
FNDA:0,(anonymous_7)
FNDA:0,(anonymous_8)
FNDA:78,(anonymous_9)
FNDA:1,(anonymous_10)
FNDA:0,(anonymous_11)
FNDA:33,(anonymous_12)
DA:10,1
DA:11,26
DA:12,26
DA:14,26
DA:15,26
DA:17,26
DA:18,26
DA:24,26
DA:25,26
DA:26,26
DA:30,2
DA:32,2
DA:39,2
DA:40,2
DA:41,0
DA:43,0
DA:44,0
DA:45,0
DA:52,0
DA:53,0
DA:55,0
DA:57,0
DA:60,0
DA:61,0
DA:62,0
DA:69,78
DA:70,78
DA:71,78
DA:72,78
DA:76,1
DA:80,0
DA:81,0
DA:82,0
DA:86,33
LF:34
LH:20
BRDA:61,0,0,0
BRF:1
BRH:0
end_of_record
TN:
SF:src\app\core\notifications-badge-socket.service.ts
FN:13,(anonymous_0)
FN:15,(anonymous_1)
FN:24,(anonymous_2)
FN:29,(anonymous_3)
FN:32,(anonymous_4)
FN:33,(anonymous_5)
FN:43,(anonymous_6)
FN:47,(anonymous_7)
FN:54,(anonymous_8)
FNF:9
FNH:4
FNDA:5,(anonymous_0)
FNDA:4,(anonymous_1)
FNDA:0,(anonymous_2)
FNDA:4,(anonymous_3)
FNDA:0,(anonymous_4)
FNDA:0,(anonymous_5)
FNDA:0,(anonymous_6)
FNDA:0,(anonymous_7)
FNDA:10,(anonymous_8)
DA:9,1
DA:10,5
DA:11,5
DA:13,5
DA:19,4
DA:21,4
DA:23,4
DA:24,0
DA:32,4
DA:33,0
DA:34,0
DA:35,0
DA:36,0
DA:43,4
DA:44,0
DA:47,4
DA:48,0
DA:51,4
DA:55,10
DA:56,10
DA:58,10
DA:59,4
DA:60,4
LF:23
LH:16
BRDA:25,0,0,3
BRDA:25,0,1,1
BRDA:33,1,0,0
BRDA:33,1,1,0
BRDA:58,2,0,4
BRF:5
BRH:3
end_of_record
TN:
SF:src\app\core\patient-context.service.ts
FN:11,(anonymous_0)
FN:15,(anonymous_1)
FN:19,(anonymous_2)
FN:23,(anonymous_3)
FNF:4
FNH:4
FNDA:7,(anonymous_0)
FNDA:5,(anonymous_1)
FNDA:3,(anonymous_2)
FNDA:1,(anonymous_3)
DA:11,1
DA:12,7
DA:13,7
DA:16,5
DA:20,3
DA:24,1
LF:6
LH:6
BRF:0
BRH:0
end_of_record
TN:
SF:src\app\core\role.guard.ts
FN:5,(anonymous_0)
FN:6,(anonymous_1)
FNF:2
FNH:2
FNDA:4,(anonymous_0)
FNDA:4,(anonymous_1)
DA:5,1
DA:6,4
DA:7,4
DA:8,4
DA:10,4
DA:11,4
DA:12,1
DA:13,1
DA:16,3
DA:17,2
DA:20,1
DA:21,1
LF:12
LH:12
BRDA:11,0,0,1
BRDA:16,1,0,2
BRF:2
BRH:2
end_of_record
TN:
SF:src\app\core\telemetry.service.ts
FN:14,(anonymous_0)
FNF:1
FNH:1
FNDA:3,(anonymous_0)
DA:13,1
DA:15,3
DA:16,1
DA:18,2
DA:20,3
LF:5
LH:5
BRDA:15,0,0,1
BRDA:15,0,1,2
BRF:2
BRH:2
end_of_record
TN:
SF:src\app\core\toast.service.ts
FN:13,(anonymous_0)
FN:17,(anonymous_1)
FN:24,(anonymous_2)
FN:28,(anonymous_3)
FN:30,(anonymous_4)
FN:33,(anonymous_5)
FN:37,(anonymous_6)
FN:41,(anonymous_7)
FN:45,(anonymous_8)
FNF:9
FNH:9
FNDA:45,(anonymous_0)
FNDA:11,(anonymous_1)
FNDA:1,(anonymous_2)
FNDA:2,(anonymous_3)
FNDA:2,(anonymous_4)
FNDA:1,(anonymous_5)
FNDA:1,(anonymous_6)
FNDA:1,(anonymous_7)
FNDA:1,(anonymous_8)
DA:13,1
DA:14,45
DA:15,45
DA:18,11
DA:19,11
DA:20,11
DA:21,11
DA:23,11
DA:24,5
DA:29,2
DA:30,2
DA:34,1
DA:38,1
DA:42,1
DA:46,1
LF:15
LH:15
BRDA:23,0,0,5
BRDA:24,1,0,5
BRDA:24,1,1,4
BRF:3
BRH:3
end_of_record
TN:
SF:src\app\core\ui-feedback.service.ts
FN:12,(anonymous_0)
FN:17,(anonymous_1)
FN:21,(anonymous_2)
FN:25,(anonymous_3)
FN:29,(anonymous_4)
FNF:5
FNH:5
FNDA:7,(anonymous_0)
FNDA:5,(anonymous_1)
FNDA:2,(anonymous_2)
FNDA:2,(anonymous_3)
FNDA:9,(anonymous_4)
DA:12,1
DA:13,7
DA:15,7
DA:18,5
DA:22,2
DA:26,2
DA:30,9
DA:31,7
LF:8
LH:8
BRDA:30,0,0,2
BRDA:30,1,0,9
BRDA:30,1,1,8
BRF:3
BRH:3
end_of_record
TN:
SF:src\app\features\analytics\reporting-api.service.ts
FN:15,(anonymous_0)
FN:17,(anonymous_1)
FN:21,(anonymous_2)
FN:25,(anonymous_3)
FN:29,(anonymous_4)
FN:33,(anonymous_5)
FN:37,(anonymous_6)
FN:41,(anonymous_7)
FNF:8
FNH:8
FNDA:10,(anonymous_0)
FNDA:1,(anonymous_1)
FNDA:1,(anonymous_2)
FNDA:2,(anonymous_3)
FNDA:2,(anonymous_4)
FNDA:1,(anonymous_5)
FNDA:1,(anonymous_6)
FNDA:1,(anonymous_7)
DA:14,1
DA:15,10
DA:18,1
DA:22,1
DA:26,2
DA:30,2
DA:34,1
DA:38,1
DA:42,1
LF:9
LH:9
BRDA:25,0,0,1
BRDA:29,1,0,1
BRF:2
BRH:2
end_of_record
TN:
SF:src\app\features\appointments\appointment-api.service.ts
FN:47,(anonymous_0)
FN:49,(anonymous_1)
FN:53,(anonymous_2)
FN:55,(anonymous_3)
FN:58,(anonymous_4)
FN:64,(anonymous_5)
FN:67,(anonymous_6)
FN:71,(anonymous_7)
FN:77,(anonymous_8)
FN:80,(anonymous_9)
FN:84,(anonymous_10)
FN:90,(anonymous_11)
FN:98,(anonymous_12)
FN:102,(anonymous_13)
FN:106,(anonymous_14)
FN:122,(anonymous_15)
FN:128,(anonymous_16)
FNF:17
FNH:14
FNDA:45,(anonymous_0)
FNDA:1,(anonymous_1)
FNDA:2,(anonymous_2)
FNDA:1,(anonymous_3)
FNDA:1,(anonymous_4)
FNDA:1,(anonymous_5)
FNDA:1,(anonymous_6)
FNDA:0,(anonymous_7)
FNDA:1,(anonymous_8)
FNDA:1,(anonymous_9)
FNDA:0,(anonymous_10)
FNDA:2,(anonymous_11)
FNDA:1,(anonymous_12)
FNDA:1,(anonymous_13)
FNDA:1,(anonymous_14)
FNDA:0,(anonymous_15)
FNDA:1,(anonymous_16)
DA:46,1
DA:47,45
DA:50,1
DA:54,2
DA:57,1
DA:58,1
DA:59,1
DA:66,1
DA:67,1
DA:70,1
DA:71,0
DA:74,1
DA:79,1
DA:80,1
DA:83,1
DA:84,0
DA:87,1
DA:91,2
DA:92,2
DA:93,2
DA:94,2
DA:95,2
DA:99,1
DA:103,1
DA:108,1
DA:109,1
DA:117,1
DA:118,1
DA:121,1
DA:122,0
DA:125,1
DA:129,1
LF:32
LH:29
BRDA:57,0,0,1
BRDA:57,0,1,0
BRDA:66,1,0,1
BRDA:66,1,1,0
BRDA:79,2,0,1
BRDA:79,2,1,0
BRDA:90,3,0,1
BRDA:90,4,0,1
BRDA:92,5,0,1
BRDA:93,6,0,1
BRDA:94,7,0,1
BRDA:94,7,1,1
BRDA:108,8,0,1
BRDA:108,8,1,1
BRDA:114,9,0,1
BRDA:114,9,1,0
BRF:16
BRH:12
end_of_record
TN:
SF:src\app\features\auth\login.component.ts
FN:175,(anonymous_0)
FN:183,(anonymous_1)
FN:188,(anonymous_2)
FN:201,(anonymous_3)
FN:205,(anonymous_4)
FN:211,(anonymous_5)
FN:224,(anonymous_6)
FNF:7
FNH:7
FNDA:14,(anonymous_0)
FNDA:10,(anonymous_1)
FNDA:8,(anonymous_2)
FNDA:1,(anonymous_3)
FNDA:2,(anonymous_4)
FNDA:1,(anonymous_5)
FNDA:7,(anonymous_6)
DA:166,1
DA:167,14
DA:169,14
DA:176,14
DA:177,14
DA:178,14
DA:179,14
DA:180,14
DA:184,10
DA:186,9
DA:187,9
DA:189,8
DA:190,1
DA:193,7
DA:194,7
DA:195,2
DA:197,7
DA:198,7
DA:201,1
DA:206,2
DA:207,2
DA:210,1
DA:211,1
DA:213,1
DA:215,1
DA:225,7
DA:227,2
DA:229,2
DA:231,2
DA:233,1
LF:30
LH:30
BRDA:184,0,0,1
BRDA:189,1,0,1
BRDA:189,1,1,7
BRDA:193,2,0,7
BRDA:193,2,1,0
BRDA:194,3,0,2
BRDA:207,4,0,1
BRDA:210,5,0,1
BRDA:210,5,1,0
BRDA:211,6,0,1
BRDA:211,6,1,0
BRDA:213,7,0,1
BRDA:217,8,0,1
BRDA:217,8,1,0
BRDA:225,9,0,2
BRDA:225,9,1,2
BRDA:225,9,2,2
BRDA:225,9,3,1
BRDA:225,10,0,7
BRDA:225,10,1,0
BRF:20
BRH:15
end_of_record
TN:
SF:src\app\features\auth\register.component.ts
FN:272,(anonymous_0)
FN:280,(anonymous_1)
FN:285,(anonymous_2)
FN:295,(anonymous_3)
FN:310,(anonymous_4)
FN:325,(anonymous_5)
FN:340,(anonymous_6)
FN:363,(anonymous_7)
FN:367,(anonymous_8)
FNF:9
FNH:6
FNDA:14,(anonymous_0)
FNDA:38,(anonymous_1)
FNDA:3,(anonymous_2)
FNDA:2,(anonymous_3)
FNDA:2,(anonymous_4)
FNDA:0,(anonymous_5)
FNDA:0,(anonymous_6)
FNDA:0,(anonymous_7)
FNDA:1,(anonymous_8)
DA:250,1
DA:251,14
DA:252,14
DA:254,14
DA:273,14
DA:274,14
DA:275,14
DA:276,14
DA:277,14
DA:281,38
DA:282,38
DA:286,3
DA:287,2
DA:289,2
DA:291,1
DA:296,2
DA:297,2
DA:298,2
DA:299,2
DA:300,2
DA:302,2
DA:303,2
DA:304,2
DA:305,2
DA:306,2
DA:307,2
DA:311,2
DA:312,1
DA:315,1
DA:316,1
DA:318,1
DA:324,1
DA:326,0
DA:327,0
DA:339,0
DA:341,0
DA:343,0
DA:344,0
DA:353,0
DA:354,0
DA:356,0
DA:360,0
DA:364,0
DA:365,0
DA:368,1
LF:45
LH:33
BRDA:282,0,0,38
BRDA:282,0,1,1
BRDA:282,0,2,1
BRDA:282,0,3,1
BRDA:286,1,0,2
BRDA:286,1,1,1
BRDA:311,2,0,1
BRDA:326,3,0,0
BRDA:328,4,0,0
BRDA:328,4,1,0
BRDA:343,5,0,0
BRDA:343,5,1,0
BRDA:346,6,0,0
BRDA:346,6,1,0
BRDA:368,7,0,1
BRDA:368,7,1,1
BRDA:368,7,2,0
BRF:17
BRH:9
end_of_record
TN:
SF:src\app\features\billing\billing-api.service.ts
FN:29,(anonymous_0)
FN:31,(anonymous_1)
FN:35,(anonymous_2)
FN:39,(anonymous_3)
FN:43,(anonymous_4)
FN:47,(anonymous_5)
FNF:6
FNH:6
FNDA:6,(anonymous_0)
FNDA:1,(anonymous_1)
FNDA:1,(anonymous_2)
FNDA:1,(anonymous_3)
FNDA:1,(anonymous_4)
FNDA:1,(anonymous_5)
DA:28,1
DA:29,6
DA:32,1
DA:36,1
DA:40,1
DA:44,1
DA:48,1
LF:7
LH:7
BRF:0
BRH:0
end_of_record
TN:
SF:src\app\features\doctor\doctor-profile.service.ts
FN:25,(anonymous_0)
FN:27,(anonymous_1)
FN:31,(anonymous_2)
FN:35,(anonymous_3)
FN:39,(anonymous_4)
FNF:5
FNH:5
FNDA:5,(anonymous_0)
FNDA:1,(anonymous_1)
FNDA:1,(anonymous_2)
FNDA:1,(anonymous_3)
FNDA:1,(anonymous_4)
DA:24,1
DA:25,5
DA:28,1
DA:32,1
DA:36,1
DA:40,1
LF:6
LH:6
BRF:0
BRH:0
end_of_record
TN:
SF:src\app\features\lab\lab-api.service.ts
FN:84,(anonymous_0)
FN:86,(anonymous_1)
FN:89,(anonymous_2)
FN:94,(anonymous_3)
FN:98,(anonymous_4)
FN:114,(anonymous_5)
FN:120,(anonymous_6)
FN:123,(anonymous_7)
FN:126,(anonymous_8)
FN:143,(anonymous_9)
FN:149,(anonymous_10)
FN:153,(anonymous_11)
FNF:12
FNH:10
FNDA:7,(anonymous_0)
FNDA:1,(anonymous_1)
FNDA:1,(anonymous_2)
FNDA:1,(anonymous_3)
FNDA:1,(anonymous_4)
FNDA:0,(anonymous_5)
FNDA:1,(anonymous_6)
FNDA:1,(anonymous_7)
FNDA:1,(anonymous_8)
FNDA:0,(anonymous_9)
FNDA:1,(anonymous_10)
FNDA:1,(anonymous_11)
DA:18,1
DA:83,1
DA:84,7
DA:88,1
DA:89,1
DA:95,1
DA:100,1
DA:101,1
DA:109,1
DA:110,1
DA:113,1
DA:114,0
DA:117,1
DA:122,1
DA:123,1
DA:126,1
DA:142,1
DA:143,0
DA:146,1
DA:150,1
DA:154,1
LF:21
LH:19
BRDA:100,0,0,1
BRDA:100,0,1,1
BRDA:122,1,0,1
BRDA:122,1,1,0
BRDA:133,2,0,1
BRDA:133,2,1,0
BRDA:134,3,0,1
BRDA:134,3,1,0
BRF:8
BRH:5
end_of_record
TN:
SF:src\app\features\medical-records\medical-records-api.service.ts
FN:54,(anonymous_0)
FN:56,(anonymous_1)
FN:60,(anonymous_2)
FN:64,(anonymous_3)
FN:68,(anonymous_4)
FN:72,(anonymous_5)
FN:76,(anonymous_6)
FN:80,(anonymous_7)
FN:83,(anonymous_8)
FN:83,(anonymous_9)
FN:87,(anonymous_10)
FN:139,(anonymous_11)
FN:144,(anonymous_12)
FN:147,(anonymous_13)
FN:151,(anonymous_14)
FN:155,(anonymous_15)
FNF:16
FNH:16
FNDA:13,(anonymous_0)
FNDA:1,(anonymous_1)
FNDA:1,(anonymous_2)
FNDA:1,(anonymous_3)
FNDA:1,(anonymous_4)
FNDA:1,(anonymous_5)
FNDA:1,(anonymous_6)
FNDA:1,(anonymous_7)
FNDA:1,(anonymous_8)
FNDA:1,(anonymous_9)
FNDA:2,(anonymous_10)
FNDA:43,(anonymous_11)
FNDA:1,(anonymous_12)
FNDA:1,(anonymous_13)
FNDA:1,(anonymous_14)
FNDA:1,(anonymous_15)
DA:51,1
DA:52,13
DA:54,13
DA:57,1
DA:61,1
DA:65,1
DA:69,1
DA:73,1
DA:77,1
DA:82,1
DA:83,1
DA:88,2
DA:89,1
DA:92,1
DA:93,1
DA:139,1
DA:140,43
DA:144,1
DA:148,1
DA:152,1
DA:156,1
LF:21
LH:21
BRDA:88,0,0,1
BRDA:88,1,0,2
BRDA:88,1,1,2
BRDA:140,2,0,43
BRDA:140,2,1,42
BRF:5
BRH:5
end_of_record
TN:
SF:src\app\features\notifications\notifications-api.service.ts
FN:34,(anonymous_0)
FN:36,(anonymous_1)
FN:42,(anonymous_2)
FN:46,(anonymous_3)
FN:50,(anonymous_4)
FN:54,(anonymous_5)
FN:58,(anonymous_6)
FN:65,(anonymous_7)
FN:70,(anonymous_8)
FNF:9
FNH:9
FNDA:32,(anonymous_0)
FNDA:3,(anonymous_1)
FNDA:1,(anonymous_2)
FNDA:1,(anonymous_3)
FNDA:1,(anonymous_4)
FNDA:1,(anonymous_5)
FNDA:1,(anonymous_6)
FNDA:2,(anonymous_7)
FNDA:1,(anonymous_8)
DA:33,1
DA:34,32
DA:37,3
DA:38,3
DA:39,3
DA:43,1
DA:47,1
DA:51,1
DA:55,1
DA:59,1
DA:66,2
DA:67,2
DA:71,1
LF:13
LH:13
BRDA:37,0,0,1
BRDA:37,0,1,2
BRDA:38,1,0,1
BRDA:38,1,1,2
BRDA:66,2,0,1
BRDA:66,2,1,1
BRF:6
BRH:6
end_of_record
TN:
SF:src\app\features\notifications\notifications-socket.service.ts
FN:13,(anonymous_0)
FN:15,(anonymous_1)
FN:26,(anonymous_2)
FN:31,(anonymous_3)
FN:34,(anonymous_4)
FN:35,(anonymous_5)
FN:46,(anonymous_6)
FN:50,(anonymous_7)
FN:57,(anonymous_8)
FNF:9
FNH:4
FNDA:26,(anonymous_0)
FNDA:5,(anonymous_1)
FNDA:0,(anonymous_2)
FNDA:5,(anonymous_3)
FNDA:0,(anonymous_4)
FNDA:0,(anonymous_5)
FNDA:0,(anonymous_6)
FNDA:0,(anonymous_7)
FNDA:55,(anonymous_8)
DA:9,1
DA:10,26
DA:11,26
DA:13,26
DA:21,5
DA:23,5
DA:25,5
DA:26,0
DA:34,5
DA:35,0
DA:36,0
DA:37,0
DA:38,0
DA:43,0
DA:46,5
DA:47,0
DA:50,5
DA:51,0
DA:54,5
DA:58,55
DA:59,55
DA:61,55
DA:62,5
DA:63,5
LF:24
LH:16
BRDA:27,0,0,4
BRDA:27,0,1,1
BRDA:35,1,0,0
BRDA:35,1,1,0
BRDA:61,2,0,5
BRF:5
BRH:3
end_of_record
TN:
SF:src\app\features\patient\patient-profile.service.ts
FN:26,(anonymous_0)
FN:28,(anonymous_1)
FN:32,(anonymous_2)
FN:36,(anonymous_3)
FN:40,(anonymous_4)
FNF:5
FNH:5
FNDA:52,(anonymous_0)
FNDA:1,(anonymous_1)
FNDA:1,(anonymous_2)
FNDA:1,(anonymous_3)
FNDA:1,(anonymous_4)
DA:25,1
DA:26,52
DA:29,1
DA:33,1
DA:37,1
DA:41,1
LF:6
LH:6
BRF:0
BRH:0
end_of_record
TN:
SF:src\app\features\pharmacy\pharmacy-api.service.ts
FN:91,(anonymous_0)
FN:93,(anonymous_1)
FN:96,(anonymous_2)
FN:102,(anonymous_3)
FN:109,(anonymous_4)
FN:118,(anonymous_5)
FN:133,(anonymous_6)
FN:139,(anonymous_7)
FN:142,(anonymous_8)
FN:146,(anonymous_9)
FNF:10
FNH:8
FNDA:7,(anonymous_0)
FNDA:1,(anonymous_1)
FNDA:1,(anonymous_2)
FNDA:3,(anonymous_3)
FNDA:100,(anonymous_4)
FNDA:1,(anonymous_5)
FNDA:0,(anonymous_6)
FNDA:1,(anonymous_7)
FNDA:1,(anonymous_8)
FNDA:0,(anonymous_9)
DA:16,1
DA:90,1
DA:91,7
DA:95,1
DA:96,1
DA:104,3
DA:105,1
DA:108,2
DA:109,2
DA:110,100
DA:115,2
DA:120,1
DA:121,1
DA:128,1
DA:129,1
DA:132,1
DA:133,0
DA:136,1
DA:141,1
DA:142,1
DA:145,1
DA:146,0
DA:149,1
LF:23
LH:21
BRDA:93,0,0,0
BRDA:102,1,0,0
BRDA:104,2,0,1
BRDA:104,3,0,3
BRDA:104,3,1,2
BRDA:110,4,0,100
BRDA:110,4,1,99
BRDA:110,4,2,98
BRDA:120,5,0,1
BRDA:120,5,1,1
BRDA:141,6,0,1
BRDA:141,6,1,0
BRF:12
BRH:9
end_of_record
TN:
SF:src\app\features\queue\queue-api.service.ts
FN:26,(anonymous_0)
FN:28,(anonymous_1)
FN:32,(anonymous_2)
FN:36,(anonymous_3)
FN:40,(anonymous_4)
FNF:5
FNH:5
FNDA:5,(anonymous_0)
FNDA:1,(anonymous_1)
FNDA:1,(anonymous_2)
FNDA:1,(anonymous_3)
FNDA:1,(anonymous_4)
DA:25,1
DA:26,5
DA:29,1
DA:33,1
DA:37,1
DA:41,1
LF:6
LH:6
BRF:0
BRH:0
end_of_record
TN:
SF:src\app\features\records\records-api.service.ts
FN:48,(anonymous_0)
FN:50,(anonymous_1)
FN:54,(anonymous_2)
FN:58,(anonymous_3)
FN:62,(anonymous_4)
FN:64,(anonymous_5)
FN:64,(anonymous_6)
FN:67,(anonymous_7)
FN:71,(anonymous_8)
FN:75,(anonymous_9)
FN:79,(anonymous_10)
FNF:11
FNH:11
FNDA:42,(anonymous_0)
FNDA:1,(anonymous_1)
FNDA:1,(anonymous_2)
FNDA:1,(anonymous_3)
FNDA:1,(anonymous_4)
FNDA:1,(anonymous_5)
FNDA:1,(anonymous_6)
FNDA:1,(anonymous_7)
FNDA:1,(anonymous_8)
FNDA:1,(anonymous_9)
FNDA:1,(anonymous_10)
DA:47,1
DA:48,42
DA:51,1
DA:55,1
DA:59,1
DA:63,1
DA:64,1
DA:68,1
DA:72,1
DA:76,1
DA:80,1
LF:11
LH:11
BRF:0
BRH:0
end_of_record
TN:
SF:src\app\shared\components\autocomplete\autocomplete.component.ts
FN:99,(anonymous_0)
FN:116,(anonymous_1)
FN:121,(anonymous_2)
FN:136,(anonymous_3)
FN:140,(anonymous_4)
FN:152,(anonymous_5)
FN:159,(anonymous_6)
FN:165,(anonymous_7)
FN:167,(anonymous_8)
FN:172,(anonymous_9)
FN:180,(anonymous_10)
FN:186,(anonymous_11)
FNF:12
FNH:12
FNDA:18,(anonymous_0)
FNDA:18,(anonymous_1)
FNDA:2,(anonymous_2)
FNDA:37,(anonymous_3)
FNDA:4,(anonymous_4)
FNDA:2,(anonymous_5)
FNDA:2,(anonymous_6)
FNDA:1,(anonymous_7)
FNDA:1,(anonymous_8)
FNDA:1,(anonymous_9)
FNDA:1,(anonymous_10)
FNDA:1,(anonymous_11)
DA:99,1
DA:100,18
DA:101,18
DA:102,18
DA:103,18
DA:104,18
DA:106,18
DA:107,18
DA:109,18
DA:110,18
DA:111,18
DA:113,18
DA:114,18
DA:117,18
DA:122,2
DA:123,2
DA:124,1
DA:125,1
DA:128,1
DA:129,1
DA:130,1
DA:137,37
DA:141,4
DA:143,2
DA:144,2
DA:145,2
DA:147,4
DA:148,2
DA:153,2
DA:154,2
DA:155,2
DA:156,2
DA:160,2
DA:161,1
DA:167,1
DA:168,1
DA:173,1
DA:174,1
DA:175,1
DA:176,1
DA:177,1
DA:181,1
DA:182,1
DA:183,1
DA:187,1
DA:188,1
DA:189,1
DA:190,1
DA:191,1
LF:49
LH:49
BRDA:123,0,0,1
BRDA:123,0,1,1
BRDA:141,1,0,2
BRDA:141,2,0,4
BRDA:141,2,1,2
BRDA:143,3,0,2
BRDA:143,3,1,1
BRDA:144,4,0,2
BRDA:144,4,1,2
BRDA:144,4,2,1
BRDA:145,5,0,2
BRDA:145,5,1,2
BRDA:147,6,0,2
BRDA:148,7,0,2
BRDA:148,7,1,2
BRDA:160,8,0,1
BRF:16
BRH:16
end_of_record
TN:
SF:src\app\shared\components\command-palette\command-palette.component.ts
FN:148,(anonymous_0)
FN:156,(anonymous_1)
FN:167,(anonymous_2)
FN:172,(anonymous_3)
FN:176,(anonymous_4)
FN:180,(anonymous_5)
FN:188,(anonymous_6)
FN:192,(anonymous_7)
FN:196,(anonymous_8)
FN:216,(anonymous_9)
FN:217,(anonymous_10)
FN:225,(anonymous_11)
FNF:12
FNH:12
FNDA:33,(anonymous_0)
FNDA:4,(anonymous_1)
FNDA:33,(anonymous_2)
FNDA:2,(anonymous_3)
FNDA:47,(anonymous_4)
FNDA:6,(anonymous_5)
FNDA:3,(anonymous_6)
FNDA:2,(anonymous_7)
FNDA:2,(anonymous_8)
FNDA:1,(anonymous_9)
FNDA:3,(anonymous_10)
FNDA:1,(anonymous_11)
DA:139,1
DA:140,33
DA:141,33
DA:142,33
DA:143,33
DA:145,33
DA:146,33
DA:149,33
DA:150,33
DA:151,33
DA:152,33
DA:158,4
DA:159,3
DA:160,3
DA:162,4
DA:163,1
DA:168,33
DA:172,2
DA:177,47
DA:181,6
DA:182,6
DA:183,5
DA:184,5
DA:189,3
DA:193,2
DA:197,2
DA:198,1
DA:199,1
DA:202,1
DA:205,1
DA:213,1
DA:217,1
DA:218,3
DA:219,3
DA:220,3
DA:221,3
DA:226,1
DA:227,1
DA:229,1
LF:39
LH:39
BRDA:158,0,0,3
BRDA:158,1,0,4
BRDA:158,1,1,3
BRDA:158,1,2,2
BRDA:158,1,3,3
BRDA:162,2,0,1
BRDA:162,3,0,4
BRDA:162,3,1,1
BRDA:182,4,0,5
BRDA:197,5,0,1
BRDA:197,6,0,2
BRDA:197,6,1,2
BRDA:219,7,0,2
BRDA:226,8,0,1
BRF:14
BRH:14
end_of_record
TN:
SF:src\app\shared\components\data-table\data-table.component.ts
FN:68,(anonymous_0)
FN:74,(anonymous_1)
FN:78,(anonymous_2)
FNF:3
FNH:3
FNDA:8,(anonymous_0)
FNDA:1,(anonymous_1)
FNDA:1,(anonymous_2)
DA:68,1
DA:69,8
DA:70,8
DA:71,8
DA:72,8
DA:75,1
DA:79,1
DA:80,1
LF:8
LH:8
BRF:0
BRH:0
end_of_record
TN:
SF:src\app\shared\components\date-picker\date-picker.component.ts
FN:72,(anonymous_0)
FN:79,(anonymous_1)
FN:80,(anonymous_2)
FN:82,(anonymous_3)
FN:88,(anonymous_4)
FN:92,(anonymous_5)
FN:96,(anonymous_6)
FN:100,(anonymous_7)
FN:12,(anonymous_8)
FNF:9
FNH:6
FNDA:10,(anonymous_0)
FNDA:0,(anonymous_1)
FNDA:0,(anonymous_2)
FNDA:2,(anonymous_3)
FNDA:2,(anonymous_4)
FNDA:1,(anonymous_5)
FNDA:1,(anonymous_6)
FNDA:1,(anonymous_7)
FNDA:0,(anonymous_8)
DA:12,0
DA:72,1
DA:76,10
DA:77,10
DA:79,10
DA:80,10
DA:83,2
DA:84,2
DA:85,2
DA:89,2
DA:93,1
DA:97,1
DA:101,1
LF:13
LH:12
BRDA:89,0,0,2
BRDA:89,0,1,1
BRF:2
BRH:2
end_of_record
TN:
SF:src\app\shared\components\file-upload\file-upload.component.ts
FN:122,(anonymous_0)
FN:132,(anonymous_1)
FN:137,(anonymous_2)
FN:142,(anonymous_3)
FN:151,(anonymous_4)
FN:158,(anonymous_5)
FN:167,(anonymous_6)
FN:172,(anonymous_7)
FNF:8
FNH:8
FNDA:17,(anonymous_0)
FNDA:1,(anonymous_1)
FNDA:1,(anonymous_2)
FNDA:1,(anonymous_3)
FNDA:1,(anonymous_4)
FNDA:4,(anonymous_5)
FNDA:1,(anonymous_6)
FNDA:9,(anonymous_7)
DA:122,1
DA:123,17
DA:124,17
DA:125,17
DA:127,17
DA:129,17
DA:130,17
DA:133,1
DA:134,1
DA:138,1
DA:139,1
DA:143,1
DA:144,1
DA:145,1
DA:146,1
DA:147,1
DA:152,1
DA:153,1
DA:154,1
DA:159,4
DA:160,1
DA:162,3
DA:164,4
DA:168,1
DA:169,1
DA:173,9
DA:174,8
DA:175,8
DA:176,8
DA:177,8
LF:30
LH:30
BRDA:146,0,0,1
BRDA:153,1,0,1
BRDA:159,2,0,1
BRDA:159,2,1,3
BRDA:173,3,0,1
BRF:5
BRH:5
end_of_record
TN:
SF:src\app\shared\components\modal\modal.component.ts
FN:86,(anonymous_0)
FN:98,(anonymous_1)
FN:103,(anonymous_2)
FNF:3
FNH:3
FNDA:15,(anonymous_0)
FNDA:1,(anonymous_1)
FNDA:2,(anonymous_2)
DA:86,1
DA:87,15
DA:88,15
DA:89,15
DA:90,15
DA:91,15
DA:92,15
DA:93,15
DA:95,15
DA:96,15
DA:99,1
DA:100,1
DA:104,2
DA:105,1
LF:14
LH:14
BRDA:104,0,0,1
BRF:1
BRH:1
end_of_record
TN:
SF:src\app\shared\components\mrn-display\mrn-display.component.ts
FN:68,(anonymous_0)
FN:73,(anonymous_1)
FNF:2
FNH:2
FNDA:10,(anonymous_0)
FNDA:2,(anonymous_1)
DA:68,1
DA:70,10
DA:71,10
DA:74,2
DA:75,2
DA:76,2
LF:6
LH:6
BRDA:75,0,0,2
BRF:1
BRH:1
end_of_record
TN:
SF:src\app\shared\components\not-found\not-found.component.ts
FN:139,(anonymous_0)
FNF:1
FNH:1
FNDA:1,(anonymous_0)
DA:138,1
DA:140,1
LF:2
LH:2
BRF:0
BRH:0
end_of_record
TN:
SF:src\app\shared\components\payment-modal\payment-modal.component.ts
FN:155,(anonymous_0)
FN:167,(anonymous_1)
FN:171,(anonymous_2)
FN:175,(anonymous_3)
FN:178,(anonymous_4)
FN:182,(anonymous_5)
FN:188,(anonymous_6)
FNF:7
FNH:7
FNDA:15,(anonymous_0)
FNDA:1,(anonymous_1)
FNDA:1,(anonymous_2)
FNDA:1,(anonymous_3)
FNDA:1,(anonymous_4)
FNDA:1,(anonymous_5)
FNDA:3,(anonymous_6)
DA:155,1
DA:156,15
DA:157,15
DA:159,15
DA:160,15
DA:162,15
DA:163,15
DA:164,15
DA:165,15
DA:168,1
DA:172,1
DA:176,1
DA:178,1
DA:179,1
DA:180,1
DA:182,1
DA:183,1
DA:189,3
DA:190,1
LF:19
LH:19
BRDA:189,0,0,1
BRDA:189,1,0,3
BRDA:189,1,1,2
BRF:3
BRH:3
end_of_record
TN:
SF:src\app\shared\components\status-badge\status-badge.component.ts
FN:34,(anonymous_0)
FN:40,(anonymous_1)
FN:45,(anonymous_2)
FNF:3
FNH:3
FNDA:11,(anonymous_0)
FNDA:47,(anonymous_1)
FNDA:12,(anonymous_2)
DA:34,1
DA:35,11
DA:37,11
DA:41,47
DA:42,47
DA:46,12
DA:47,12
DA:48,9
DA:49,6
DA:50,3
DA:51,0
LF:11
LH:10
BRDA:41,0,0,47
BRDA:41,0,1,12
BRDA:47,1,0,3
BRDA:48,2,0,3
BRDA:49,3,0,3
BRDA:50,4,0,3
BRF:6
BRH:6
end_of_record
TN:
SF:src\app\shared\components\time-picker\time-picker.component.ts
FN:69,(anonymous_0)
FN:73,(anonymous_1)
FN:74,(anonymous_2)
FN:76,(anonymous_3)
FN:82,(anonymous_4)
FN:86,(anonymous_5)
FN:90,(anonymous_6)
FN:94,(anonymous_7)
FN:12,(anonymous_8)
FNF:9
FNH:6
FNDA:8,(anonymous_0)
FNDA:0,(anonymous_1)
FNDA:0,(anonymous_2)
FNDA:2,(anonymous_3)
FNDA:2,(anonymous_4)
FNDA:1,(anonymous_5)
FNDA:1,(anonymous_6)
FNDA:1,(anonymous_7)
FNDA:0,(anonymous_8)
DA:12,0
DA:69,1
DA:70,8
DA:71,8
DA:73,8
DA:74,8
DA:77,2
DA:78,2
DA:79,2
DA:83,2
DA:87,1
DA:91,1
DA:95,1
LF:13
LH:12
BRDA:83,0,0,2
BRDA:83,0,1,1
BRF:2
BRH:2
end_of_record
TN:
SF:src\environments\environment.ts
FNF:0
FNH:0
DA:1,1
LF:1
LH:1
BRF:0
BRH:0
end_of_record
